2024-05-16 13:24:02,278 DEBUG    root            Loaded Command Group: ['gcloud', 'components']
2024-05-16 13:24:02,281 DEBUG    root            Loaded Command Group: ['gcloud', 'components', 'update']
2024-05-16 13:24:02,284 DEBUG    root            Running [gcloud.components.update] with arguments: [--quiet: "True", COMPONENT-IDS:8: "['gcloud', 'core', 'bq', 'gsutil', 'compute', 'preview', 'alpha', 'beta']"]
2024-05-16 13:24:02,285 INFO     ___FILE_ONLY___ Beginning update. This process may take several minutes.

2024-05-16 13:24:02,293 DEBUG    urllib3.connectionpool Starting new HTTPS connection (1): dl.google.com:443
2024-05-16 13:24:02,359 DEBUG    urllib3.connectionpool https://dl.google.com:443 "GET /dl/cloudsdk/channels/rapid/components-2.json HTTP/1.1" 200 222652
2024-05-16 13:24:02,380 WARNING  root            Component [preview] no longer exists.
2024-05-16 13:24:02,380 WARNING  root            Component [compute] no longer exists.
2024-05-16 13:24:02,382 INFO     ___FILE_ONLY___ 

2024-05-16 13:24:02,382 INFO     ___FILE_ONLY___ 
Your current Google Cloud CLI version is: 476.0.0

2024-05-16 13:24:02,382 INFO     ___FILE_ONLY___ Installing components from version: 476.0.0

2024-05-16 13:24:02,382 INFO     ___FILE_ONLY___ 

2024-05-16 13:24:02,383 DEBUG    root            Chosen display Format:table[box,title="These components will be removed."](details.display_name:label=Name:align=left,version.version_string:label=Version:align=right,data.size.size(zero="",min=1048576):label=Size:align=right)
2024-05-16 13:24:02,384 DEBUG    root            Chosen display Format:table[box,title="These components will be updated."](details.display_name:label=Name:align=left,version.version_string:label=Version:align=right,data.size.size(zero="",min=1048576):label=Size:align=right)
2024-05-16 13:24:02,384 DEBUG    root            Chosen display Format:table[box,title="These components will be installed."](details.display_name:label=Name:align=left,version.version_string:label=Version:align=right,data.size.size(zero="",min=1048576):label=Size:align=right)
2024-05-16 13:24:02,428 INFO     ___FILE_ONLY___ ┌──────────────────────────────────────────────┐
2024-05-16 13:24:02,428 INFO     ___FILE_ONLY___ 

2024-05-16 13:24:02,428 INFO     ___FILE_ONLY___ │     These components will be installed.      │
2024-05-16 13:24:02,428 INFO     ___FILE_ONLY___ 

2024-05-16 13:24:02,428 INFO     ___FILE_ONLY___ ├───────────────────────┬────────────┬─────────┤
2024-05-16 13:24:02,428 INFO     ___FILE_ONLY___ 

2024-05-16 13:24:02,429 INFO     ___FILE_ONLY___ │          Name         │  Version   │   Size  │
2024-05-16 13:24:02,429 INFO     ___FILE_ONLY___ 

2024-05-16 13:24:02,429 INFO     ___FILE_ONLY___ ├───────────────────────┼────────────┼─────────┤
2024-05-16 13:24:02,429 INFO     ___FILE_ONLY___ 

2024-05-16 13:24:02,429 INFO     ___FILE_ONLY___ │ 
2024-05-16 13:24:02,429 INFO     ___FILE_ONLY___ gcloud Alpha Commands
2024-05-16 13:24:02,429 INFO     ___FILE_ONLY___  
2024-05-16 13:24:02,429 INFO     ___FILE_ONLY___ │ 
2024-05-16 13:24:02,430 INFO     ___FILE_ONLY___ 2024.05.10
2024-05-16 13:24:02,430 INFO     ___FILE_ONLY___  
2024-05-16 13:24:02,430 INFO     ___FILE_ONLY___ │ 
2024-05-16 13:24:02,430 INFO     ___FILE_ONLY___ < 1 MiB
2024-05-16 13:24:02,430 INFO     ___FILE_ONLY___  
2024-05-16 13:24:02,430 INFO     ___FILE_ONLY___ │
2024-05-16 13:24:02,430 INFO     ___FILE_ONLY___ 

2024-05-16 13:24:02,430 INFO     ___FILE_ONLY___ │ 
2024-05-16 13:24:02,431 INFO     ___FILE_ONLY___ gcloud Beta Commands 
2024-05-16 13:24:02,431 INFO     ___FILE_ONLY___  
2024-05-16 13:24:02,431 INFO     ___FILE_ONLY___ │ 
2024-05-16 13:24:02,431 INFO     ___FILE_ONLY___ 2024.05.10
2024-05-16 13:24:02,431 INFO     ___FILE_ONLY___  
2024-05-16 13:24:02,431 INFO     ___FILE_ONLY___ │ 
2024-05-16 13:24:02,431 INFO     ___FILE_ONLY___ < 1 MiB
2024-05-16 13:24:02,431 INFO     ___FILE_ONLY___  
2024-05-16 13:24:02,431 INFO     ___FILE_ONLY___ │
2024-05-16 13:24:02,432 INFO     ___FILE_ONLY___ 

2024-05-16 13:24:02,432 INFO     ___FILE_ONLY___ └───────────────────────┴────────────┴─────────┘
2024-05-16 13:24:02,432 INFO     ___FILE_ONLY___ 

2024-05-16 13:24:02,432 INFO     ___FILE_ONLY___ 

2024-05-16 13:24:02,437 DEBUG    urllib3.connectionpool Starting new HTTPS connection (1): dl.google.com:443
2024-05-16 13:24:02,510 DEBUG    urllib3.connectionpool https://dl.google.com:443 "GET /dl/cloudsdk/channels/rapid/RELEASE_NOTES HTTP/1.1" 200 1211411
2024-05-16 13:24:02,591 INFO     ___FILE_ONLY___ For the latest full release notes, please visit:
  https://cloud.google.com/sdk/release_notes


2024-05-16 13:24:02,593 INFO     ___FILE_ONLY___ ╔════════════════════════════════════════════════════════════╗

2024-05-16 13:24:02,593 INFO     ___FILE_ONLY___ ╠═ Creating update staging area                             ═╣

2024-05-16 13:24:02,593 INFO     ___FILE_ONLY___ ╚
2024-05-16 13:24:02,594 INFO     ___FILE_ONLY___ ══════
2024-05-16 13:24:03,397 INFO     ___FILE_ONLY___ ══════
2024-05-16 13:24:03,397 INFO     ___FILE_ONLY___ ══════
2024-05-16 13:24:03,858 INFO     ___FILE_ONLY___ ═
2024-05-16 13:24:03,917 INFO     ___FILE_ONLY___ ═
2024-05-16 13:24:03,964 INFO     ___FILE_ONLY___ ═
2024-05-16 13:24:04,009 INFO     ___FILE_ONLY___ ═
2024-05-16 13:24:04,057 INFO     ___FILE_ONLY___ ═
2024-05-16 13:24:04,111 INFO     ___FILE_ONLY___ ═
2024-05-16 13:24:04,159 INFO     ___FILE_ONLY___ ═
2024-05-16 13:24:04,242 INFO     ___FILE_ONLY___ ═
2024-05-16 13:24:04,421 INFO     ___FILE_ONLY___ ═
2024-05-16 13:24:04,520 INFO     ___FILE_ONLY___ ═
2024-05-16 13:24:04,654 INFO     ___FILE_ONLY___ ═
2024-05-16 13:24:04,830 INFO     ___FILE_ONLY___ ═
2024-05-16 13:24:05,106 INFO     ___FILE_ONLY___ ═
2024-05-16 13:24:05,200 INFO     ___FILE_ONLY___ ═
2024-05-16 13:24:05,287 INFO     ___FILE_ONLY___ ═
2024-05-16 13:24:05,359 INFO     ___FILE_ONLY___ ═
2024-05-16 13:24:05,448 INFO     ___FILE_ONLY___ ═
2024-05-16 13:24:05,516 INFO     ___FILE_ONLY___ ═
2024-05-16 13:24:05,587 INFO     ___FILE_ONLY___ ═
2024-05-16 13:24:05,651 INFO     ___FILE_ONLY___ ═
2024-05-16 13:24:05,723 INFO     ___FILE_ONLY___ ═
2024-05-16 13:24:05,788 INFO     ___FILE_ONLY___ ═
2024-05-16 13:24:05,860 INFO     ___FILE_ONLY___ ═
2024-05-16 13:24:05,931 INFO     ___FILE_ONLY___ ═
2024-05-16 13:24:06,007 INFO     ___FILE_ONLY___ ═
2024-05-16 13:24:06,087 INFO     ___FILE_ONLY___ ═
2024-05-16 13:24:06,166 INFO     ___FILE_ONLY___ ═
2024-05-16 13:24:06,258 INFO     ___FILE_ONLY___ ═
2024-05-16 13:24:06,373 INFO     ___FILE_ONLY___ ═
2024-05-16 13:24:06,469 INFO     ___FILE_ONLY___ ═
2024-05-16 13:24:06,568 INFO     ___FILE_ONLY___ ═
2024-05-16 13:24:06,633 INFO     ___FILE_ONLY___ ═
2024-05-16 13:24:06,722 INFO     ___FILE_ONLY___ ═
2024-05-16 13:24:06,797 INFO     ___FILE_ONLY___ ═
2024-05-16 13:24:06,872 INFO     ___FILE_ONLY___ ═
2024-05-16 13:24:06,944 INFO     ___FILE_ONLY___ ═
2024-05-16 13:24:07,025 INFO     ___FILE_ONLY___ ═
2024-05-16 13:24:07,099 INFO     ___FILE_ONLY___ ═
2024-05-16 13:24:07,201 INFO     ___FILE_ONLY___ ═
2024-05-16 13:24:07,276 INFO     ___FILE_ONLY___ ═
2024-05-16 13:24:07,350 INFO     ___FILE_ONLY___ ═
2024-05-16 13:24:07,420 INFO     ___FILE_ONLY___ ═
2024-05-16 13:24:07,420 INFO     ___FILE_ONLY___ ╝

2024-05-16 13:24:11,102 INFO     ___FILE_ONLY___ ╔════════════════════════════════════════════════════════════╗

2024-05-16 13:24:11,102 INFO     ___FILE_ONLY___ ╠═ Installing: gcloud Alpha Commands                        ═╣

2024-05-16 13:24:11,102 INFO     ___FILE_ONLY___ ╚
2024-05-16 13:24:11,106 DEBUG    urllib3.connectionpool Starting new HTTPS connection (1): dl.google.com:443
2024-05-16 13:24:11,169 DEBUG    urllib3.connectionpool https://dl.google.com:443 "GET /dl/cloudsdk/channels/rapid/components/google-cloud-sdk-alpha-20240510142152.tar.gz HTTP/1.1" 200 800
2024-05-16 13:24:11,169 INFO     ___FILE_ONLY___ ══════════════════════════════
2024-05-16 13:24:11,171 INFO     ___FILE_ONLY___ ══════════════════════════════
2024-05-16 13:24:11,171 INFO     ___FILE_ONLY___ ╝

2024-05-16 13:24:11,181 INFO     ___FILE_ONLY___ ╔════════════════════════════════════════════════════════════╗

2024-05-16 13:24:11,181 INFO     ___FILE_ONLY___ ╠═ Installing: gcloud Beta Commands                         ═╣

2024-05-16 13:24:11,181 INFO     ___FILE_ONLY___ ╚
2024-05-16 13:24:11,186 DEBUG    urllib3.connectionpool Starting new HTTPS connection (1): dl.google.com:443
2024-05-16 13:24:11,252 DEBUG    urllib3.connectionpool https://dl.google.com:443 "GET /dl/cloudsdk/channels/rapid/components/google-cloud-sdk-beta-20240510142152.tar.gz HTTP/1.1" 200 797
2024-05-16 13:24:11,253 INFO     ___FILE_ONLY___ ══════════════════════════════
2024-05-16 13:24:11,254 INFO     ___FILE_ONLY___ ══════════════════════════════
2024-05-16 13:24:11,254 INFO     ___FILE_ONLY___ ╝

2024-05-16 13:24:11,265 INFO     ___FILE_ONLY___ ╔════════════════════════════════════════════════════════════╗

2024-05-16 13:24:11,266 INFO     ___FILE_ONLY___ ╠═ Creating backup and activating new installation          ═╣

2024-05-16 13:24:11,266 INFO     ___FILE_ONLY___ ╚
2024-05-16 13:24:11,266 DEBUG    root            Attempting to move directory [/tools/google-cloud-sdk] to [/tools/google-cloud-sdk.staging/.install/.backup]
2024-05-16 13:24:11,266 INFO     ___FILE_ONLY___ ══════════════════════════════
2024-05-16 13:24:11,266 DEBUG    root            Attempting to move directory [/tools/google-cloud-sdk.staging] to [/tools/google-cloud-sdk]
2024-05-16 13:24:11,266 INFO     ___FILE_ONLY___ ══════════════════════════════
2024-05-16 13:24:11,266 INFO     ___FILE_ONLY___ ╝

2024-05-16 13:24:11,271 DEBUG    root            Updating notification cache...
2024-05-16 13:24:11,272 INFO     ___FILE_ONLY___ 

2024-05-16 13:24:11,274 INFO     ___FILE_ONLY___ Performing post processing steps...
2024-05-16 13:24:11,274 DEBUG    root            Executing command: ['/tools/google-cloud-sdk/bin/gcloud', 'components', 'post-process']
2024-05-16 13:24:22,780 DEBUG    ___FILE_ONLY___ 
2024-05-16 13:24:22,781 DEBUG    ___FILE_ONLY___ 
2024-05-16 13:24:22,791 INFO     ___FILE_ONLY___ 
Update done!


2024-05-16 13:24:22,795 DEBUG    root            Chosen display Format:none
2024-05-16 13:24:22,796 INFO     root            Display format: "none"
